{"/Users/sorincristescu/Desktop/Fun projects/mytheresa/src/components/Button/index.js": {"path":"/Users/sorincristescu/Desktop/Fun projects/mytheresa/src/components/Button/index.js","statementMap":{"0":{"start":{"line":7,"column":15},"end":{"line":13,"column":1}},"1":{"start":{"line":8,"column":2},"end":{"line":12,"column":4}}},"fnMap":{"0":{"name":"(anonymous_0)","decl":{"start":{"line":7,"column":15},"end":{"line":7,"column":16}},"loc":{"start":{"line":7,"column":45},"end":{"line":13,"column":1}},"line":7}},"branchMap":{},"s":{"0":1,"1":1},"f":{"0":1},"b":{},"_coverageSchema":"1a1c01bbd47fc00a2c39e90264f33305004495a9","hash":"d27f87416217ae7ca3d5274b1dc7a8bc081f92b8"}
,"/Users/sorincristescu/Desktop/Fun projects/mytheresa/src/components/Button/style.js": {"path":"/Users/sorincristescu/Desktop/Fun projects/mytheresa/src/components/Button/style.js","statementMap":{"0":{"start":{"line":3,"column":30},"end":{"line":26,"column":1}}},"fnMap":{},"branchMap":{},"s":{"0":1},"f":{},"b":{},"_coverageSchema":"1a1c01bbd47fc00a2c39e90264f33305004495a9","hash":"334a6e03987216ba004714baee14e42f76866ef1"}
}
